<?xml version="1.0" encoding="UTF-8"?>
<!-- Generated by org.testng.reporters.JUnitReportReporter -->
<testsuite hostname="LAPTOP-GB18RDD5" failures="0" tests="2" name="DataProviders.StoreData" time="0.010" errors="0" timestamp="2024-07-15T10:59:32 IST" skipped="0">
  <testcase classname="DataProviders.StoreData" name="receiver" time="0.001"/>
  <testcase classname="DataProviders.StoreData" name="receiver" time="0.009"/>
</testsuite> <!-- DataProviders.StoreData -->
