<?xml version="1.0" encoding="UTF-8"?>
<!-- Generated by org.testng.reporters.JUnitReportReporter -->
<testsuite hostname="LAPTOP-GB18RDD5" failures="0" tests="2" name="DataProviders.DataProvideExcel" time="18.120" errors="0" timestamp="2024-07-19T08:45:03 IST" skipped="0">
  <testcase classname="DataProviders.DataProvideExcel" name="receiver" time="9.681"/>
  <testcase classname="DataProviders.DataProvideExcel" name="receiver" time="8.439"/>
</testsuite> <!-- DataProviders.DataProvideExcel -->
