<?xml version="1.0" encoding="UTF-8"?>
<!-- Generated by org.testng.reporters.JUnitReportReporter -->
<testsuite hostname="LAPTOP-GB18RDD5" failures="0" tests="1" name="TestNgBasic.ExtentTwitterListener" time="8.436" errors="0" timestamp="2024-07-30T08:36:52 IST" skipped="0">
  <testcase classname="TestNgBasic.ExtentTwitterListener" name="TwiterRegister" time="8.436"/>
</testsuite> <!-- TestNgBasic.ExtentTwitterListener -->
