<?xml version="1.0" encoding="UTF-8"?>
<!-- Generated by org.testng.reporters.JUnitReportReporter -->
<testsuite hostname="LAPTOP-GB18RDD5" failures="0" tests="1" name="TestNgBasic.ChronologicalAnnotation" time="0.010" errors="0" timestamp="2024-07-12T10:49:37 IST" skipped="0">
  <testcase classname="TestNgBasic.ChronologicalAnnotation" name="testCase" time="0.010"/>
</testsuite> <!-- TestNgBasic.ChronologicalAnnotation -->
