<?xml version="1.0" encoding="UTF-8"?>
<!-- Generated by org.testng.reporters.JUnitReportReporter -->
<testsuite hostname="LAPTOP-GB18RDD5" failures="0" tests="2" name="TestNg1.HelpMethod1" time="9.322" errors="0" timestamp="2024-07-12T10:17:33 IST" skipped="0">
  <testcase classname="TestNg1.HelpMethod1" name="bike1" time="5.192"/>
  <testcase classname="TestNg1.HelpMethod1" name="bike1" time="4.130"/>
</testsuite> <!-- TestNg1.HelpMethod1 -->
