<?xml version="1.0" encoding="UTF-8"?>
<!-- Generated by org.testng.reporters.JUnitReportReporter -->
<testsuite hostname="LAPTOP-GB18RDD5" failures="0" tests="1" name="TestNgBasic.LaunchJavaAsWellAsTestNG" time="0.015" errors="0" timestamp="2024-07-08T11:27:48 IST" skipped="0">
  <testcase classname="TestNgBasic.LaunchJavaAsWellAsTestNG" name="main" time="0.015"/>
</testsuite> <!-- TestNgBasic.LaunchJavaAsWellAsTestNG -->
