<?xml version="1.0" encoding="UTF-8"?>
<!-- Generated by org.testng.reporters.JUnitReportReporter -->
<testsuite hostname="LAPTOP-GB18RDD5" failures="0" tests="1" name="ExtentReoprt.SampleReport" time="0.592" errors="0" timestamp="2024-07-29T11:07:50 IST" skipped="0">
  <testcase classname="ExtentReoprt.SampleReport" name="BasicTeport" time="0.592"/>
</testsuite> <!-- ExtentReoprt.SampleReport -->
