<?xml version="1.0" encoding="UTF-8"?>
<!-- Generated by org.testng.reporters.JUnitReportReporter -->
<testsuite hostname="LAPTOP-GB18RDD5" failures="0" tests="1" name="ExtentReoprt.LoginFunctionWithCorrectCredential" time="10.259" errors="0" timestamp="2024-07-29T11:33:11 IST" skipped="0">
  <testcase classname="ExtentReoprt.LoginFunctionWithCorrectCredential" name="CorrectCredential" time="10.259"/>
</testsuite> <!-- ExtentReoprt.LoginFunctionWithCorrectCredential -->
