<?xml version="1.0" encoding="UTF-8"?>
<!-- Generated by org.testng.reporters.JUnitReportReporter -->
<testsuite hostname="LAPTOP-GB18RDD5" failures="0" tests="1" name="TestNgBasic.ExtentFaceBookListeners" time="11.298" errors="0" timestamp="2024-07-30T07:59:55 IST" skipped="0">
  <testcase classname="TestNgBasic.ExtentFaceBookListeners" name="faceBookRegister" time="11.298"/>
</testsuite> <!-- TestNgBasic.ExtentFaceBookListeners -->
