<?xml version="1.0" encoding="UTF-8"?>
<!-- Generated by org.testng.reporters.JUnitReportReporter -->
<testsuite hostname="LAPTOP-GB18RDD5" failures="0" tests="1" name="TestNg2.HelperMethod1" time="8.579" errors="0" timestamp="2024-07-20T10:44:52 IST" skipped="0">
  <testcase classname="TestNg2.HelperMethod1" name="shoe1" time="8.579">
    <system-out>
      <![CDATA[shoe1
onTestSuccess]]>
    </system-out>
  </testcase> <!-- shoe1 -->
  <system-out>
    <![CDATA[onStart
bike4
onTestSuccess
bike3
onTestSuccess
bike2
onTestSuccess
shoe3
onTestSuccess
shoe2
onTestSuccess
shoe1
onTestSuccess]]>
  </system-out>
</testsuite> <!-- TestNg2.HelperMethod1 -->
