<?xml version="1.0" encoding="UTF-8"?>
<!-- Generated by org.testng.reporters.JUnitReportReporter -->
<testsuite hostname="LAPTOP-GB18RDD5" failures="0" tests="7" name="TestNgBasic.MultipleTezseCase" time="46.352" errors="0" timestamp="2024-07-11T10:52:57 IST" skipped="0">
  <testcase classname="TestNgBasic.MultipleTezseCase" name="rcb" time="9.833"/>
  <testcase classname="TestNgBasic.MultipleTezseCase" name="dws" time="4.582"/>
  <testcase classname="TestNgBasic.MultipleTezseCase" name="csk" time="6.354"/>
  <testcase classname="TestNgBasic.MultipleTezseCase" name="sunrises" time="5.693"/>
  <testcase classname="TestNgBasic.MultipleTezseCase" name="mumbai" time="4.462"/>
  <testcase classname="TestNgBasic.MultipleTezseCase" name="dillicapita" time="8.372"/>
  <testcase classname="TestNgBasic.MultipleTezseCase" name="panjab" time="7.056"/>
</testsuite> <!-- TestNgBasic.MultipleTezseCase -->
