<?xml version="1.0" encoding="UTF-8"?>
<!-- Generated by org.testng.reporters.JUnitReportReporter -->
<testsuite hostname="LAPTOP-GB18RDD5" failures="0" tests="1" name="TestNg1.HelperMethod4" time="7.748" errors="0" timestamp="2024-07-20T10:44:52 IST" skipped="0">
  <testcase classname="TestNg1.HelperMethod4" name="bike4" time="7.748">
    <system-out>
      <![CDATA[bike4
onTestSuccess]]>
    </system-out>
  </testcase> <!-- bike4 -->
  <system-out>
    <![CDATA[onStart
bike4
onTestSuccess
bike3
onTestSuccess
bike2
onTestSuccess
shoe3
onTestSuccess
shoe2
onTestSuccess
shoe1
onTestSuccess]]>
  </system-out>
</testsuite> <!-- TestNg1.HelperMethod4 -->
