<?xml version="1.0" encoding="UTF-8"?>
<!-- Generated by org.testng.reporters.JUnitReportReporter -->
<testsuite hostname="LAPTOP-GB18RDD5" failures="0" tests="2" name="DataProviders.StoreDataDwsLogin" time="9.947" errors="0" timestamp="2024-07-15T11:13:50 IST" skipped="0">
  <testcase classname="DataProviders.StoreDataDwsLogin" name="receiver" time="5.378"/>
  <testcase classname="DataProviders.StoreDataDwsLogin" name="receiver" time="4.569"/>
</testsuite> <!-- DataProviders.StoreDataDwsLogin -->
