<?xml version="1.0" encoding="UTF-8"?>
<!-- Generated by org.testng.reporters.JUnitReportReporter -->
<testsuite hostname="LAPTOP-GB18RDD5" failures="0" tests="1" name="TestNg2.HelperMethod2" time="11.085" errors="0" timestamp="2024-07-20T10:44:52 IST" skipped="0">
  <testcase classname="TestNg2.HelperMethod2" name="shoe2" time="11.085">
    <system-out>
      <![CDATA[shoe2
onTestSuccess]]>
    </system-out>
  </testcase> <!-- shoe2 -->
  <system-out>
    <![CDATA[onStart
bike4
onTestSuccess
bike3
onTestSuccess
bike2
onTestSuccess
shoe3
onTestSuccess
shoe2
onTestSuccess
shoe1
onTestSuccess]]>
  </system-out>
</testsuite> <!-- TestNg2.HelperMethod2 -->
