<?xml version="1.0" encoding="UTF-8"?>
<!-- Generated by org.testng.reporters.JUnitReportReporter -->
<testsuite hostname="LAPTOP-GB18RDD5" failures="0" tests="2" name="TestNg1.HelperMethod5" time="12.964" errors="0" timestamp="2024-07-12T10:17:33 IST" skipped="0">
  <testcase classname="TestNg1.HelperMethod5" name="bike5" time="6.539"/>
  <testcase classname="TestNg1.HelperMethod5" name="bike5" time="6.425"/>
</testsuite> <!-- TestNg1.HelperMethod5 -->
