<?xml version="1.0" encoding="UTF-8"?>
<!-- Generated by org.testng.reporters.JUnitReportReporter -->
<testsuite hostname="LAPTOP-GB18RDD5" failures="0" tests="1" name="Assertion.HardAssertAsserEquals" time="6.871" errors="0" timestamp="2024-07-17T07:58:57 IST" skipped="0">
  <testcase classname="Assertion.HardAssertAsserEquals" name="main" time="6.871">
    <system-out>
      <![CDATA[I am in DWS Home Page]]>
    </system-out>
  </testcase> <!-- main -->
  <system-out>
    <![CDATA[I am in DWS Home Page]]>
  </system-out>
</testsuite> <!-- Assertion.HardAssertAsserEquals -->
