<?xml version="1.0" encoding="UTF-8"?>
<!-- Generated by org.testng.reporters.JUnitReportReporter -->
<testsuite hostname="LAPTOP-GB18RDD5" failures="0" tests="2" name="TestNg2.HelperMethod5" time="17.371" errors="0" timestamp="2024-07-12T10:17:33 IST" skipped="0">
  <testcase classname="TestNg2.HelperMethod5" name="shoes5" time="7.398"/>
  <testcase classname="TestNg2.HelperMethod5" name="shoes5" time="9.973"/>
</testsuite> <!-- TestNg2.HelperMethod5 -->
