<?xml version="1.0" encoding="UTF-8"?>
<!-- Generated by org.testng.reporters.JUnitReportReporter -->
<testsuite hostname="LAPTOP-GB18RDD5" failures="0" tests="1" name="TestNgBasic.ExecuteWithListeners" time="3.101" errors="0" timestamp="2024-07-29T13:58:47 IST" skipped="0">
  <testcase classname="TestNgBasic.ExecuteWithListeners" name="dominos" time="3.101">
    <system-out>
      <![CDATA[dominosis executed
I am hungry
dominosis sucess]]>
    </system-out>
  </testcase> <!-- dominos -->
  <system-out>
    <![CDATA[dominosis executed
I am hungry
dominosis sucess]]>
  </system-out>
</testsuite> <!-- TestNgBasic.ExecuteWithListeners -->
